# JRE version: OpenJDK Runtime Environment (21.0.6) (build 21.0.6+-13368085-b895.109)
# Java VM: OpenJDK 64-Bit Server VM (21.0.6+-13368085-b895.109, mixed mode, tiered, compressed oops, compressed class ptrs, g1 gc, windows-amd64)
GC Precious Log:
 CardTable entry size: 512
 Card Set container configuration: InlinePtr #cards 5 size 8 Array Of Cards #cards 12 size 40 Howl #buckets 4 coarsen threshold 1843 Howl Bitmap #cards 512 size 80 coarsen threshold 460 Card regions per heap region 1 cards per card region 2048
 CPUs: 16 total, 16 available
 Memory: 7501M
 Large Page Support: Disabled
 NUMA Support: Disabled
 Compressed Oops: Enabled (32-bit)
 Heap Region Size: 1M
 Heap Min Capacity: 8M
 Heap Initial Capacity: 118M
 Heap Max Capacity: 2G
 Pre-touch: Disabled
 Parallel Workers: 13
 Concurrent Workers: 3
 Concurrent Refinement Workers: 13
 Periodic GC: Disabled
Heap:
 garbage-first heap   total 89088K, used 64964K [0x0000000080000000, 0x0000000100000000)
  region size 1024K, 23 young (23552K), 3 survivors (3072K)
 Metaspace       used 44899K, committed 46208K, reserved 1114112K
  class space    used 6163K, committed 6784K, reserved 1048576K
GC Heap History (18 events):
Event: 1.220 GC heap before
{Heap before GC invocations=0 (full 0):
 garbage-first heap   total 120832K, used 22528K [0x0000000080000000, 0x0000000100000000)
  region size 1024K, 23 young (23552K), 0 survivors (0K)
 Metaspace       used 8014K, committed 8128K, reserved 1114112K
  class space    used 712K, committed 768K, reserved 1048576K
}
Event: 1.232 GC heap after
{Heap after GC invocations=1 (full 0):
 garbage-first heap   total 120832K, used 3384K [0x0000000080000000, 0x0000000100000000)
  region size 1024K, 3 young (3072K), 3 survivors (3072K)
 Metaspace       used 8014K, committed 8128K, reserved 1114112K
  class space    used 712K, committed 768K, reserved 1048576K
}
Event: 3.189 GC heap before
{Heap before GC invocations=1 (full 0):
 garbage-first heap   total 120832K, used 38200K [0x0000000080000000, 0x0000000100000000)
  region size 1024K, 35 young (35840K), 3 survivors (3072K)
 Metaspace       used 12252K, committed 12480K, reserved 1114112K
  class space    used 1280K, committed 1408K, reserved 1048576K
}
Event: 3.206 GC heap after
{Heap after GC invocations=2 (full 0):
 garbage-first heap   total 120832K, used 10960K [0x0000000080000000, 0x0000000100000000)
  region size 1024K, 5 young (5120K), 5 survivors (5120K)
 Metaspace       used 12252K, committed 12480K, reserved 1114112K
  class space    used 1280K, committed 1408K, reserved 1048576K
}
Event: 4.219 GC heap before
{Heap before GC invocations=2 (full 0):
 garbage-first heap   total 120832K, used 56016K [0x0000000080000000, 0x0000000100000000)
  region size 1024K, 47 young (48128K), 5 survivors (5120K)
 Metaspace       used 12459K, committed 12672K, reserved 1114112K
  class space    used 1308K, committed 1408K, reserved 1048576K
}
Event: 4.230 GC heap after
{Heap after GC invocations=3 (full 0):
 garbage-first heap   total 120832K, used 17398K [0x0000000080000000, 0x0000000100000000)
  region size 1024K, 5 young (5120K), 5 survivors (5120K)
 Metaspace       used 12459K, committed 12672K, reserved 1114112K
  class space    used 1308K, committed 1408K, reserved 1048576K
}
Event: 7.162 GC heap before
{Heap before GC invocations=3 (full 0):
 garbage-first heap   total 120832K, used 46070K [0x0000000080000000, 0x0000000100000000)
  region size 1024K, 35 young (35840K), 5 survivors (5120K)
 Metaspace       used 21172K, committed 21504K, reserved 1114112K
  class space    used 2413K, committed 2560K, reserved 1048576K
}
Event: 7.171 GC heap after
{Heap after GC invocations=4 (full 0):
 garbage-first heap   total 120832K, used 20996K [0x0000000080000000, 0x0000000100000000)
  region size 1024K, 9 young (9216K), 9 survivors (9216K)
 Metaspace       used 21172K, committed 21504K, reserved 1114112K
  class space    used 2413K, committed 2560K, reserved 1048576K
}
Event: 11.429 GC heap before
{Heap before GC invocations=5 (full 0):
 garbage-first heap   total 75776K, used 73220K [0x0000000080000000, 0x0000000100000000)
  region size 1024K, 61 young (62464K), 9 survivors (9216K)
 Metaspace       used 29858K, committed 30464K, reserved 1114112K
  class space    used 3803K, committed 4096K, reserved 1048576K
}
Event: 11.447 GC heap after
{Heap after GC invocations=6 (full 0):
 garbage-first heap   total 89088K, used 24465K [0x0000000080000000, 0x0000000100000000)
  region size 1024K, 8 young (8192K), 8 survivors (8192K)
 Metaspace       used 29858K, committed 30464K, reserved 1114112K
  class space    used 3803K, committed 4096K, reserved 1048576K
}
Event: 14.948 GC heap before
{Heap before GC invocations=6 (full 0):
 garbage-first heap   total 89088K, used 69521K [0x0000000080000000, 0x0000000100000000)
  region size 1024K, 48 young (49152K), 8 survivors (8192K)
 Metaspace       used 35077K, committed 35968K, reserved 1114112K
  class space    used 4696K, committed 5120K, reserved 1048576K
}
Event: 14.962 GC heap after
{Heap after GC invocations=7 (full 0):
 garbage-first heap   total 89088K, used 34031K [0x0000000080000000, 0x0000000100000000)
  region size 1024K, 7 young (7168K), 7 survivors (7168K)
 Metaspace       used 35077K, committed 35968K, reserved 1114112K
  class space    used 4696K, committed 5120K, reserved 1048576K
}
Event: 15.216 GC heap before
{Heap before GC invocations=7 (full 0):
 garbage-first heap   total 89088K, used 45295K [0x0000000080000000, 0x0000000100000000)
  region size 1024K, 13 young (13312K), 7 survivors (7168K)
 Metaspace       used 35421K, committed 36288K, reserved 1114112K
  class space    used 4746K, committed 5184K, reserved 1048576K
}
Event: 15.223 GC heap after
{Heap after GC invocations=8 (full 0):
 garbage-first heap   total 89088K, used 43692K [0x0000000080000000, 0x0000000100000000)
  region size 1024K, 3 young (3072K), 3 survivors (3072K)
 Metaspace       used 35421K, committed 36288K, reserved 1114112K
  class space    used 4746K, committed 5184K, reserved 1048576K
}
Event: 16.732 GC heap before
{Heap before GC invocations=9 (full 0):
 garbage-first heap   total 89088K, used 68268K [0x0000000080000000, 0x0000000100000000)
  region size 1024K, 26 young (26624K), 3 survivors (3072K)
 Metaspace       used 38461K, committed 39424K, reserved 1114112K
  class space    used 5212K, committed 5696K, reserved 1048576K
}
Event: 16.737 GC heap after
{Heap after GC invocations=10 (full 0):
 garbage-first heap   total 89088K, used 45342K [0x0000000080000000, 0x0000000100000000)
  region size 1024K, 4 young (4096K), 4 survivors (4096K)
 Metaspace       used 38461K, committed 39424K, reserved 1114112K
  class space    used 5212K, committed 5696K, reserved 1048576K
}
Event: 17.616 GC heap before
{Heap before GC invocations=10 (full 0):
 garbage-first heap   total 89088K, used 69918K [0x0000000080000000, 0x0000000100000000)
  region size 1024K, 28 young (28672K), 4 survivors (4096K)
 Metaspace       used 41405K, committed 42688K, reserved 1114112K
  class space    used 5718K, committed 6336K, reserved 1048576K
}
Event: 17.622 GC heap after
{Heap after GC invocations=11 (full 0):
 garbage-first heap   total 89088K, used 46532K [0x0000000080000000, 0x0000000100000000)
  region size 1024K, 3 young (3072K), 3 survivors (3072K)
 Metaspace       used 41405K, committed 42688K, reserved 1114112K
  class space    used 5718K, committed 6336K, reserved 1048576K
}

