# JRE version: OpenJDK Runtime Environment (21.0.6) (build 21.0.6+-13368085-b895.109)
# Java VM: OpenJDK 64-Bit Server VM (21.0.6+-13368085-b895.109, mixed mode, tiered, compressed oops, compressed class ptrs, g1 gc, windows-amd64)
GC Precious Log:
 CardTable entry size: 512
 Card Set container configuration: InlinePtr #cards 5 size 8 Array Of Cards #cards 12 size 40 Howl #buckets 4 coarsen threshold 1843 Howl Bitmap #cards 512 size 80 coarsen threshold 460 Card regions per heap region 1 cards per card region 2048
 CPUs: 16 total, 16 available
 Memory: 7501M
 Large Page Support: Disabled
 NUMA Support: Disabled
 Compressed Oops: Enabled (32-bit)
 Heap Region Size: 1M
 Heap Min Capacity: 8M
 Heap Initial Capacity: 118M
 Heap Max Capacity: 2G
 Pre-touch: Disabled
 Parallel Workers: 13
 Concurrent Workers: 3
 Concurrent Refinement Workers: 13
 Periodic GC: Disabled
Heap:
 garbage-first heap   total 84992K, used 50193K [0x0000000080000000, 0x0000000100000000)
  region size 1024K, 8 young (8192K), 3 survivors (3072K)
 Metaspace       used 45157K, committed 46400K, reserved 1114112K
  class space    used 6185K, committed 6784K, reserved 1048576K
GC Heap History (20 events):
Event: 1.881 GC heap before
{Heap before GC invocations=0 (full 0):
 garbage-first heap   total 120832K, used 22528K [0x0000000080000000, 0x0000000100000000)
  region size 1024K, 23 young (23552K), 0 survivors (0K)
 Metaspace       used 8021K, committed 8192K, reserved 1114112K
  class space    used 712K, committed 768K, reserved 1048576K
}
Event: 1.894 GC heap after
{Heap after GC invocations=1 (full 0):
 garbage-first heap   total 120832K, used 3436K [0x0000000080000000, 0x0000000100000000)
  region size 1024K, 3 young (3072K), 3 survivors (3072K)
 Metaspace       used 8021K, committed 8192K, reserved 1114112K
  class space    used 712K, committed 768K, reserved 1048576K
}
Event: 4.398 GC heap before
{Heap before GC invocations=1 (full 0):
 garbage-first heap   total 120832K, used 39276K [0x0000000080000000, 0x0000000100000000)
  region size 1024K, 36 young (36864K), 3 survivors (3072K)
 Metaspace       used 12235K, committed 12416K, reserved 1114112K
  class space    used 1278K, committed 1408K, reserved 1048576K
}
Event: 4.415 GC heap after
{Heap after GC invocations=2 (full 0):
 garbage-first heap   total 120832K, used 11134K [0x0000000080000000, 0x0000000100000000)
  region size 1024K, 5 young (5120K), 5 survivors (5120K)
 Metaspace       used 12235K, committed 12416K, reserved 1114112K
  class space    used 1278K, committed 1408K, reserved 1048576K
}
Event: 6.378 GC heap before
{Heap before GC invocations=2 (full 0):
 garbage-first heap   total 120832K, used 57214K [0x0000000080000000, 0x0000000100000000)
  region size 1024K, 48 young (49152K), 5 survivors (5120K)
 Metaspace       used 12576K, committed 12800K, reserved 1114112K
  class space    used 1334K, committed 1472K, reserved 1048576K
}
Event: 6.398 GC heap after
{Heap after GC invocations=3 (full 0):
 garbage-first heap   total 120832K, used 16973K [0x0000000080000000, 0x0000000100000000)
  region size 1024K, 5 young (5120K), 5 survivors (5120K)
 Metaspace       used 12576K, committed 12800K, reserved 1114112K
  class space    used 1334K, committed 1472K, reserved 1048576K
}
Event: 8.890 GC heap before
{Heap before GC invocations=3 (full 0):
 garbage-first heap   total 120832K, used 43597K [0x0000000080000000, 0x0000000100000000)
  region size 1024K, 33 young (33792K), 5 survivors (5120K)
 Metaspace       used 21173K, committed 21504K, reserved 1114112K
  class space    used 2414K, committed 2560K, reserved 1048576K
}
Event: 8.898 GC heap after
{Heap after GC invocations=4 (full 0):
 garbage-first heap   total 120832K, used 20401K [0x0000000080000000, 0x0000000100000000)
  region size 1024K, 9 young (9216K), 9 survivors (9216K)
 Metaspace       used 21173K, committed 21504K, reserved 1114112K
  class space    used 2414K, committed 2560K, reserved 1048576K
}
Event: 10.968 GC heap before
{Heap before GC invocations=5 (full 0):
 garbage-first heap   total 71680K, used 69553K [0x0000000080000000, 0x0000000100000000)
  region size 1024K, 58 young (59392K), 9 survivors (9216K)
 Metaspace       used 29405K, committed 30080K, reserved 1114112K
  class space    used 3735K, committed 4032K, reserved 1048576K
}
Event: 10.982 GC heap after
{Heap after GC invocations=6 (full 0):
 garbage-first heap   total 83968K, used 23386K [0x0000000080000000, 0x0000000100000000)
  region size 1024K, 7 young (7168K), 7 survivors (7168K)
 Metaspace       used 29405K, committed 30080K, reserved 1114112K
  class space    used 3735K, committed 4032K, reserved 1048576K
}
Event: 12.065 GC heap before
{Heap before GC invocations=6 (full 0):
 garbage-first heap   total 83968K, used 71514K [0x0000000080000000, 0x0000000100000000)
  region size 1024K, 49 young (50176K), 7 survivors (7168K)
 Metaspace       used 34998K, committed 35840K, reserved 1114112K
  class space    used 4687K, committed 5056K, reserved 1048576K
}
Event: 12.073 GC heap after
{Heap after GC invocations=7 (full 0):
 garbage-first heap   total 84992K, used 33091K [0x0000000080000000, 0x0000000100000000)
  region size 1024K, 7 young (7168K), 7 survivors (7168K)
 Metaspace       used 34998K, committed 35840K, reserved 1114112K
  class space    used 4687K, committed 5056K, reserved 1048576K
}
Event: 12.148 GC heap before
{Heap before GC invocations=7 (full 0):
 garbage-first heap   total 84992K, used 40259K [0x0000000080000000, 0x0000000100000000)
  region size 1024K, 10 young (10240K), 7 survivors (7168K)
 Metaspace       used 35125K, committed 35968K, reserved 1114112K
  class space    used 4704K, committed 5120K, reserved 1048576K
}
Event: 12.154 GC heap after
{Heap after GC invocations=8 (full 0):
 garbage-first heap   total 84992K, used 41508K [0x0000000080000000, 0x0000000100000000)
  region size 1024K, 3 young (3072K), 3 survivors (3072K)
 Metaspace       used 35125K, committed 35968K, reserved 1114112K
  class space    used 4704K, committed 5120K, reserved 1048576K
}
Event: 13.386 GC heap before
{Heap before GC invocations=9 (full 0):
 garbage-first heap   total 84992K, used 65060K [0x0000000080000000, 0x0000000100000000)
  region size 1024K, 25 young (25600K), 3 survivors (3072K)
 Metaspace       used 37830K, committed 38848K, reserved 1114112K
  class space    used 5100K, committed 5632K, reserved 1048576K
}
Event: 13.389 GC heap after
{Heap after GC invocations=10 (full 0):
 garbage-first heap   total 84992K, used 43708K [0x0000000080000000, 0x0000000100000000)
  region size 1024K, 4 young (4096K), 4 survivors (4096K)
 Metaspace       used 37830K, committed 38848K, reserved 1114112K
  class space    used 5100K, committed 5632K, reserved 1048576K
}
Event: 14.149 GC heap before
{Heap before GC invocations=10 (full 0):
 garbage-first heap   total 84992K, used 67260K [0x0000000080000000, 0x0000000100000000)
  region size 1024K, 27 young (27648K), 4 survivors (4096K)
 Metaspace       used 40569K, committed 41664K, reserved 1114112K
  class space    used 5573K, committed 6144K, reserved 1048576K
}
Event: 14.156 GC heap after
{Heap after GC invocations=11 (full 0):
 garbage-first heap   total 84992K, used 44851K [0x0000000080000000, 0x0000000100000000)
  region size 1024K, 2 young (2048K), 2 survivors (2048K)
 Metaspace       used 40569K, committed 41664K, reserved 1114112K
  class space    used 5573K, committed 6144K, reserved 1048576K
}
Event: 16.742 GC heap before
{Heap before GC invocations=11 (full 0):
 garbage-first heap   total 84992K, used 67379K [0x0000000080000000, 0x0000000100000000)
  region size 1024K, 25 young (25600K), 2 survivors (2048K)
 Metaspace       used 44149K, committed 45440K, reserved 1114112K
  class space    used 6109K, committed 6720K, reserved 1048576K
}
Event: 16.745 GC heap after
{Heap after GC invocations=12 (full 0):
 garbage-first heap   total 84992K, used 46097K [0x0000000080000000, 0x0000000100000000)
  region size 1024K, 3 young (3072K), 3 survivors (3072K)
 Metaspace       used 44149K, committed 45440K, reserved 1114112K
  class space    used 6109K, committed 6720K, reserved 1048576K
}

